**********************
nStart der Windows PowerShell-Aufzeichnung
Startzeit: 20240104192940
Benutzername: PC-MAURO\Mauro
RunAs-Benutzer: PC-MAURO\Mauro
Konfigurationsname: 
Computer: PC-MAURO (Microsoft Windows NT 10.0.22621.0)
Hostanwendung: C:\WINDOWS\System32\WindowsPowerShell\v1.0\powershell.exe -NoProfile -ExecutionPolicy Bypass -Command Import-Module 'c:\Users\Mauro\.vscode\extensions\ms-vscode.powershell-2023.8.0\modules\PowerShellEditorServices\PowerShellEditorServices.psd1'; Start-EditorServices -HostName 'Visual Studio Code Host' -HostProfileId 'Microsoft.VSCode' -HostVersion '2023.8.0' -AdditionalModules @('PowerShellEditorServices.VSCode') -BundledModulesPath 'c:\Users\Mauro\.vscode\extensions\ms-vscode.powershell-2023.8.0\modules' -EnableConsoleRepl -StartupBanner "PowerShell Extension v2023.8.0
Copyright (c) Microsoft Corporation.

https://aka.ms/vscode-powershell
Type 'help' to get help.
" -LogLevel 'Normal' -LogPath 'c:\Users\Mauro\AppData\Roaming\Code\User\globalStorage\ms-vscode.powershell\logs\1704391350-ebb450e1-e347-44b5-a254-5de456ada0611704391149300\EditorServices.log' -SessionDetailsPath 'c:\Users\Mauro\AppData\Roaming\Code\User\globalStorage\ms-vscode.powershell\sessions\PSES-VSCode-2012-810880.json' -FeatureFlags @() 
Prozess-ID: 18668
PSVersion: 5.1.22621.2506
PSEdition: Desktop
PSCompatibleVersions: 1.0, 2.0, 3.0, 4.0, 5.0, 5.1.22621.2506
BuildVersion: 10.0.22621.2506
CLRVersion: 4.0.30319.42000
WSManStackVersion: 3.0
PSRemotingProtocolVersion: 2.3
SerializationVersion: 1.1.0.1
**********************
Die Aufzeichnung wurde gestartet. Die Ausgabedatei ist "C:\Users\Mauro\OneDrive\GitHub\universal-uninstaller\universal-uninstaller.ps1.log".
Set-DisplayBoxText : Please run this program as an administrator.
In C:\Users\Mauro\OneDrive\GitHub\universal-uninstaller\modules\validation\validation.psm1:29 Zeichen:13
+             Set-DisplayBoxText -displayBox $ouputTextBox -text "Pleas ...
+             ~~~~~~~~~~~~~~~~~~~~~~~~~~~~~~~~~~~~~~~~~~~~~~~~~~~~~~~~~
    + CategoryInfo          : NotSpecified: (:) [Write-Error], WriteErrorException
    + FullyQualifiedErrorId : Microsoft.PowerShell.Commands.WriteErrorException,Set-DisplayBoxText
Set-DisplayBoxText : Please run this program as an administrator.
In C:\Users\Mauro\OneDrive\GitHub\universal-uninstaller\modules\validation\validation.psm1:29 Zeichen:13
+             Set-DisplayBoxText -displayBox $ouputTextBox -text "Pleas ...
+             ~~~~~~~~~~~~~~~~~~~~~~~~~~~~~~~~~~~~~~~~~~~~~~~~~~~~~~~~~
    + CategoryInfo          : NotSpecified: (:) [Write-Error], WriteErrorException
    + FullyQualifiedErrorId : Microsoft.PowerShell.Commands.WriteErrorException,Set-DisplayBoxText

Cancel
**********************
Ende der Windows PowerShell-Aufzeichnung
Endzeit: 20240104192944
**********************
